{"uuid":"0dec0a0d-0537-4e65-99f1-f47d653fea20","historyId":"7115696ad5629182895bf253954aa9db","fullName":"Test login Page with dropdown on home page: check Login","labels":[{"name":"tag","value":"B"},{"name":"host","value":"GWTN141-10"},{"name":"thread","value":"8152@GWTN141-10.main(1)"},{"name":"feature","value":"Test login Page with dropdown on home page"},{"name":"story","value":"check Login"},{"name":"suite","value":"Test login Page with dropdown on home page"},{"name":"testClass","value":"check Login"},{"name":"framework","value":"cucumber5jvm"},{"name":"language","value":"java"},{"name":"gherkin_uri","value":"file:///C:/Users/sayis/eclipse-workspace/DSAlgo/src/test/resources/features/Login.feature"},{"name":"package","value":"src.test.resources.features.Login_feature.Test login Page with dropdown on home page"}],"links":[],"name":"check Login","status":"failed","statusDetails":{"known":false,"muted":false,"flaky":false,"message":"The following asserts failed:\n\texpected [You are logged in] but found [Invalid Username and Password]","trace":"java.lang.AssertionError: The following asserts failed:\n\texpected [You are logged in] but found [Invalid Username and Password]\r\n\tat org.testng.asserts.SoftAssert.assertAll(SoftAssert.java:46)\r\n\tat org.testng.asserts.SoftAssert.assertAll(SoftAssert.java:30)\r\n\tat pages.LoginPage.LoginValidationMsg(LoginPage.java:61)\r\n\tat stepDefinations.LoginSD.if_login_is_sucessful_user_should_be_redirected_to_homepage_or_error_message_should_display(LoginSD.java:78)\r\n\tat ✽.if login is sucessful user should be redirected to homepage or error message should display(file:///C:/Users/sayis/eclipse-workspace/DSAlgo/src/test/resources/features/Login.feature:23)\r\n"},"stage":"finished","steps":[{"name":"Given  user is on landing page","status":"passed","statusDetails":{"known":false,"muted":false,"flaky":false},"stage":"finished","steps":[],"attachments":[],"parameters":[],"start":1669272707732,"stop":1669272709431},{"name":"When  user clicks on get Started button","status":"passed","statusDetails":{"known":false,"muted":false,"flaky":false},"stage":"finished","steps":[],"attachments":[],"parameters":[],"start":1669272709432,"stop":1669272709880},{"name":"Then  user should be navigated to home page","status":"passed","statusDetails":{"known":false,"muted":false,"flaky":false},"stage":"finished","steps":[],"attachments":[],"parameters":[],"start":1669272709880,"stop":1669272709890},{"name":"Given  user should be navigated to home page","status":"passed","statusDetails":{"known":false,"muted":false,"flaky":false},"stage":"finished","steps":[],"attachments":[],"parameters":[],"start":1669272709891,"stop":1669272709902},{"name":"When  user clicks on sign In link","status":"passed","statusDetails":{"known":false,"muted":false,"flaky":false},"stage":"finished","steps":[],"attachments":[],"parameters":[],"start":1669272709904,"stop":1669272710197},{"name":"Then  user should be landed on login page","status":"passed","statusDetails":{"known":false,"muted":false,"flaky":false},"stage":"finished","steps":[],"attachments":[],"parameters":[],"start":1669272710198,"stop":1669272710209},{"name":"And  user enters gfteuryt and ddfsasda","status":"passed","statusDetails":{"known":false,"muted":false,"flaky":false},"stage":"finished","steps":[],"attachments":[],"parameters":[],"start":1669272710209,"stop":1669272710334},{"name":"And  click on login","status":"passed","statusDetails":{"known":false,"muted":false,"flaky":false},"stage":"finished","steps":[],"attachments":[],"parameters":[],"start":1669272710334,"stop":1669272710788},{"name":"Then  if login is sucessful user should be redirected to homepage or error message should display","status":"failed","statusDetails":{"known":false,"muted":false,"flaky":false,"message":"The following asserts failed:\n\texpected [You are logged in] but found [Invalid Username and Password]","trace":"java.lang.AssertionError: The following asserts failed:\n\texpected [You are logged in] but found [Invalid Username and Password]\r\n\tat org.testng.asserts.SoftAssert.assertAll(SoftAssert.java:46)\r\n\tat org.testng.asserts.SoftAssert.assertAll(SoftAssert.java:30)\r\n\tat pages.LoginPage.LoginValidationMsg(LoginPage.java:61)\r\n\tat stepDefinations.LoginSD.if_login_is_sucessful_user_should_be_redirected_to_homepage_or_error_message_should_display(LoginSD.java:78)\r\n\tat ✽.if login is sucessful user should be redirected to homepage or error message should display(file:///C:/Users/sayis/eclipse-workspace/DSAlgo/src/test/resources/features/Login.feature:23)\r\n"},"stage":"finished","steps":[],"attachments":[],"parameters":[],"start":1669272710789,"stop":1669272710840}],"attachments":[],"parameters":[{"name":"username","value":"gfteuryt"},{"name":"Password","value":"ddfsasda"}],"start":1669272707727,"stop":1669272710842}